<?xml version="1.0" encoding="UTF-8"?>
<testng-results skipped="0" failed="0" ignored="0" total="1" passed="1">
  <reporter-output>
  </reporter-output>
  <suite name="Surefire suite" duration-ms="80167" started-at="2018-01-15T16:21:58Z" finished-at="2018-01-15T16:23:18Z">
    <groups>
      <group name="cucumber">
        <method signature="AbstractTestNGCucumberTests.feature(cucumber.api.testng.CucumberFeatureWrapper)[pri:0, instance:Runner.TestRun@9629756]" name="feature" class="cucumber.api.testng.AbstractTestNGCucumberTests"/>
      </group> <!-- cucumber -->
    </groups>
    <test name="Surefire test" duration-ms="80167" started-at="2018-01-15T16:21:58Z" finished-at="2018-01-15T16:23:18Z">
      <class name="Runner.TestRun">
        <test-method status="PASS" signature="setUpClass()[pri:0, instance:Runner.TestRun@9629756]" name="setUpClass" is-config="true" duration-ms="720" started-at="2018-01-15T16:21:58Z" finished-at="2018-01-15T16:21:58Z">
          <reporter-output>
          </reporter-output>
        </test-method> <!-- setUpClass -->
        <test-method status="PASS" signature="feature(cucumber.api.testng.CucumberFeatureWrapper)[pri:0, instance:Runner.TestRun@9629756]" name="feature" duration-ms="79190" started-at="2018-01-15T16:21:59Z" description="Runs Cucumber Feature" data-provider="features" finished-at="2018-01-15T16:23:18Z">
          <params>
            <param index="0">
              <value>
                <![CDATA[E-Commerce Application]]>
              </value>
            </param>
          </params>
          <reporter-output>
          </reporter-output>
        </test-method> <!-- feature -->
        <test-method status="PASS" signature="tearDownClass()[pri:0, instance:Runner.TestRun@9629756]" name="tearDownClass" is-config="true" duration-ms="48" started-at="2018-01-15T16:23:18Z" finished-at="2018-01-15T16:23:18Z">
          <reporter-output>
          </reporter-output>
        </test-method> <!-- tearDownClass -->
      </class> <!-- Runner.TestRun -->
    </test> <!-- Surefire test -->
  </suite> <!-- Surefire suite -->
</testng-results>
